<?xml version="1.0" encoding="UTF-8"?>
<!-- Generated by org.testng.reporters.JUnitReportReporter -->
<testsuite hostname="Muralidharan" failures="0" tests="3" name="Testscript.Login" time="11.408" errors="0" timestamp="2025-07-06T18:14:08 IST" skipped="0">
  <testcase classname="Testscript.Login" name="testlogin" time="3.340"/>
  <testcase classname="Testscript.Login" name="testlogin" time="3.028"/>
  <testcase classname="Testscript.Login" name="testlogin" time="5.040"/>
</testsuite> <!-- Testscript.Login -->
